<?xml version="1.0" encoding="UTF-8"?>
<!-- Generated by org.testng.reporters.JUnitReportReporter -->
<testsuite hostname="LAPTOP-TVU4M0V2" failures="0" tests="6" name="SeleniumWebDriver.Test.Groups" time="0.031" errors="0" timestamp="2023-12-01T18:27:25 IST" skipped="0">
  <testcase classname="SeleniumWebDriver.Test.Groups" name="Language" time="0.004"/>
  <testcase classname="SeleniumWebDriver.Test.Groups" name="alaphbet" time="0.000"/>
  <testcase classname="SeleniumWebDriver.Test.Groups" name="numbers" time="0.007"/>
  <testcase classname="SeleniumWebDriver.Test.Groups" name="Language" time="0.018"/>
  <testcase classname="SeleniumWebDriver.Test.Groups" name="alaphbet" time="0.002"/>
  <testcase classname="SeleniumWebDriver.Test.Groups" name="numbers" time="0.000"/>
</testsuite> <!-- SeleniumWebDriver.Test.Groups -->
